[debug] [2022-04-13T15:10:14.534Z] ----------------------------------------------------------------------
[debug] [2022-04-13T15:10:14.539Z] Command:       C:\Program Files\nodejs\node.exe C:\Users\rhshu\AppData\Roaming\npm\node_modules\firebase-tools\lib\bin\firebase.js init
[debug] [2022-04-13T15:10:14.539Z] CLI Version:   10.6.0
[debug] [2022-04-13T15:10:14.540Z] Platform:      win32
[debug] [2022-04-13T15:10:14.540Z] Node Version:  v17.3.0
[debug] [2022-04-13T15:10:14.542Z] Time:          Wed Apr 13 2022 21:10:14 GMT+0600 (Bangladesh Standard Time)
[debug] [2022-04-13T15:10:14.542Z] ----------------------------------------------------------------------
[debug] 
[debug] [2022-04-13T15:10:14.558Z] > command requires scopes: ["email","openid","https://www.googleapis.com/auth/cloudplatformprojects.readonly","https://www.googleapis.com/auth/firebase","https://www.googleapis.com/auth/cloud-platform"]
[debug] [2022-04-13T15:10:14.559Z] > authorizing via signed-in user (rhshuvo44@gmail.com)
[info] 
     ######## #### ########  ######## ########     ###     ######  ########
     ##        ##  ##     ## ##       ##     ##  ##   ##  ##       ##
     ######    ##  ########  ######   ########  #########  ######  ######
     ##        ##  ##    ##  ##       ##     ## ##     ##       ## ##
     ##       #### ##     ## ######## ########  ##     ##  ######  ########

You're about to initialize a Firebase project in this directory:

  F:\Project\Programming-Hero\React\genius-car-service

[debug] [2022-04-13T15:11:28.224Z] Error: kill ENOSYS
    at process.kill (node:internal/process/per_thread:214:13)
    at process.listener (C:\Users\rhshu\AppData\Roaming\npm\node_modules\firebase-tools\node_modules\signal-exit\index.js:95:15)
    at process.emit (node:events:390:28)
[error] 
[error] Error: An unexpected error has occurred.
